c:\users\craky\documents\visual studio 2017\projects\project3\project3\release\vc141.pdb
c:\users\craky\documents\visual studio 2017\projects\project3\project3\release\shift.obj
c:\users\craky\documents\visual studio 2017\projects\project3\project3\release\main.obj
c:\users\craky\documents\visual studio 2017\projects\project3\project3\release\line.obj
c:\users\craky\documents\visual studio 2017\projects\project3\project3\release\driver.obj
c:\users\craky\documents\visual studio 2017\projects\project3\project3\release\company.obj
c:\users\craky\documents\visual studio 2017\projects\project3\project3\release\bus.obj
c:\users\craky\source\repos\prog2\project3\release\vc141.pdb
c:\users\craky\source\repos\prog2\project3\release\main.obj
c:\users\craky\source\repos\prog2\project3\release\line.obj
c:\users\craky\source\repos\prog2\project3\release\driver.obj
c:\users\craky\source\repos\prog2\project3\release\company.obj
c:\users\craky\source\repos\prog2\project3\release\shift.obj
c:\users\craky\source\repos\prog2\project3\release\bus.obj
c:\users\craky\documents\visual studio 2017\projects\project3\release\project3.exe
c:\users\craky\documents\visual studio 2017\projects\project3\release\project3.pdb
c:\users\craky\documents\visual studio 2017\projects\project3\release\project3.ipdb
c:\users\craky\documents\visual studio 2017\projects\project3\release\project3.iobj
c:\users\craky\source\repos\prog2\release\project3.ipdb
c:\users\craky\source\repos\prog2\release\project3.iobj
c:\users\craky\source\repos\prog2\release\project3.pdb
c:\users\craky\source\repos\prog2\release\project3.exe
c:\users\craky\source\repos\prog2\project3\release\project3.tlog\cl.command.1.tlog
c:\users\craky\source\repos\prog2\project3\release\project3.tlog\cl.read.1.tlog
c:\users\craky\source\repos\prog2\project3\release\project3.tlog\cl.write.1.tlog
c:\users\craky\source\repos\prog2\project3\release\project3.tlog\link.command.1.tlog
c:\users\craky\source\repos\prog2\project3\release\project3.tlog\link.read.1.tlog
c:\users\craky\source\repos\prog2\project3\release\project3.tlog\link.write.1.tlog
c:\users\craky\source\repos\prog2\project3\release\project3.tlog\project3.write.1u.tlog
